TRACE hypro.hPolytope        HPolytope.tpp:190  empty(): empty
TRACE hypro.hPolytope        HPolytope.tpp:206  empty(): Call to Optimizer.
TRACE hypro.hPolytope        HPolytope.tpp:214  empty(): Optimizer result: 0
TRACE hypro.hPolytope        HPolytope.tpp:190  empty(): empty
TRACE hypro.hPolytope        HPolytope.tpp:196  empty(): Already set to false.
TRACE hypro.hPolytope        HPolytope.tpp:584  satisfiesHalfspaces(): (P AND Ax <= b) == emptyset?, A: 0 1 
0 -1 
b: 3
-3

TRACE hypro.hPolytope        HPolytope.tpp:190  empty(): empty
TRACE hypro.hPolytope        HPolytope.tpp:206  empty(): Call to Optimizer.
TRACE hypro.hPolytope        HPolytope.tpp:214  empty(): Optimizer result: 0
TRACE hypro.hPolytope        HPolytope.tpp:738  intersectHalfspaces(): P' = P AND Ax <= b,  A: 
0 1 
0 -1 

b: 3
-3

TRACE hypro.hPolytope        HPolytope.tpp:190  empty(): empty
TRACE hypro.hPolytope        HPolytope.tpp:206  empty(): Call to Optimizer.
TRACE hypro.hPolytope        HPolytope.tpp:214  empty(): Optimizer result: 0
TRACE hypro.hPolytope        HPolytope.tpp:584  satisfiesHalfspaces(): (P AND Ax <= b) == emptyset?, A: 0 1 
0 -1 
b: 3
-3

TRACE hypro.hPolytope        HPolytope.tpp:190  empty(): empty
TRACE hypro.hPolytope        HPolytope.tpp:206  empty(): Call to Optimizer.
TRACE hypro.hPolytope        HPolytope.tpp:214  empty(): Optimizer result: 0
TRACE hypro.hPolytope        HPolytope.tpp:738  intersectHalfspaces(): P' = P AND Ax <= b,  A: 
0 1 
0 -1 

b: 3
-3

TRACE hypro.hPolytope        HPolytope.tpp:190  empty(): empty
TRACE hypro.hPolytope        HPolytope.tpp:206  empty(): Call to Optimizer.
TRACE hypro.hPolytope        HPolytope.tpp:214  empty(): Optimizer result: 1
TRACE hypro.hPolytope        HPolytope.tpp:584  satisfiesHalfspaces(): (P AND Ax <= b) == emptyset?, A: 0 1 
0 -1 
b: 3
-3

TRACE hypro.hPolytope        HPolytope.tpp:190  empty(): empty
TRACE hypro.hPolytope        HPolytope.tpp:206  empty(): Call to Optimizer.
TRACE hypro.hPolytope        HPolytope.tpp:214  empty(): Optimizer result: 0
TRACE hypro.hPolytope        HPolytope.tpp:738  intersectHalfspaces(): P' = P AND Ax <= b,  A: 
0 1 
0 -1 

b: 3
-3

TRACE hypro.hPolytope        HPolytope.tpp:190  empty(): empty
TRACE hypro.hPolytope        HPolytope.tpp:206  empty(): Call to Optimizer.
TRACE hypro.hPolytope        HPolytope.tpp:214  empty(): Optimizer result: 1
TRACE hypro.hPolytope        HPolytope.tpp:584  satisfiesHalfspaces(): (P AND Ax <= b) == emptyset?, A: 0 1 
0 -1 
b: 3
-3

TRACE hypro.hPolytope        HPolytope.tpp:190  empty(): empty
TRACE hypro.hPolytope        HPolytope.tpp:206  empty(): Call to Optimizer.
TRACE hypro.hPolytope        HPolytope.tpp:214  empty(): Optimizer result: 0
TRACE hypro.hPolytope        HPolytope.tpp:738  intersectHalfspaces(): P' = P AND Ax <= b,  A: 
0 1 
0 -1 

b: 3
-3

TRACE hypro.hPolytope        HPolytope.tpp:190  empty(): empty
TRACE hypro.hPolytope        HPolytope.tpp:206  empty(): Call to Optimizer.
TRACE hypro.hPolytope        HPolytope.tpp:214  empty(): Optimizer result: 1
TRACE hypro.hPolytope        HPolytope.tpp:584  satisfiesHalfspaces(): (P AND Ax <= b) == emptyset?, A: 0 1 
0 -1 
b: 3
-3

TRACE hypro.hPolytope        HPolytope.tpp:190  empty(): empty
TRACE hypro.hPolytope        HPolytope.tpp:206  empty(): Call to Optimizer.
TRACE hypro.hPolytope        HPolytope.tpp:214  empty(): Optimizer result: 0
TRACE hypro.hPolytope        HPolytope.tpp:738  intersectHalfspaces(): P' = P AND Ax <= b,  A: 
0 1 
0 -1 

b: 3
-3

TRACE hypro.hPolytope        HPolytope.tpp:190  empty(): empty
TRACE hypro.hPolytope        HPolytope.tpp:206  empty(): Call to Optimizer.
TRACE hypro.hPolytope        HPolytope.tpp:214  empty(): Optimizer result: 1
TRACE hypro.hPolytope        HPolytope.tpp:584  satisfiesHalfspaces(): (P AND Ax <= b) == emptyset?, A: 0 1 
0 -1 
b: 3
-3

TRACE hypro.hPolytope        HPolytope.tpp:190  empty(): empty
TRACE hypro.hPolytope        HPolytope.tpp:206  empty(): Call to Optimizer.
TRACE hypro.hPolytope        HPolytope.tpp:214  empty(): Optimizer result: 0
TRACE hypro.hPolytope        HPolytope.tpp:738  intersectHalfspaces(): P' = P AND Ax <= b,  A: 
0 1 
0 -1 

b: 3
-3

TRACE hypro.hPolytope        HPolytope.tpp:190  empty(): empty
TRACE hypro.hPolytope        HPolytope.tpp:206  empty(): Call to Optimizer.
TRACE hypro.hPolytope        HPolytope.tpp:214  empty(): Optimizer result: 0
TRACE hypro.hPolytope        HPolytope.tpp:584  satisfiesHalfspaces(): (P AND Ax <= b) == emptyset?, A: 0 1 
0 -1 
b: 3
-3

TRACE hypro.hPolytope        HPolytope.tpp:190  empty(): empty
TRACE hypro.hPolytope        HPolytope.tpp:206  empty(): Call to Optimizer.
TRACE hypro.hPolytope        HPolytope.tpp:214  empty(): Optimizer result: 0
TRACE hypro.hPolytope        HPolytope.tpp:738  intersectHalfspaces(): P' = P AND Ax <= b,  A: 
0 1 
0 -1 

b: 3
-3

TRACE hypro.hPolytope        HPolytope.tpp:190  empty(): empty
TRACE hypro.hPolytope        HPolytope.tpp:206  empty(): Call to Optimizer.
TRACE hypro.hPolytope        HPolytope.tpp:214  empty(): Optimizer result: 0
TRACE hypro.hPolytope        HPolytope.tpp:584  satisfiesHalfspaces(): (P AND Ax <= b) == emptyset?, A: 0 1 
0 -1 
b: 3
-3

TRACE hypro.hPolytope        HPolytope.tpp:190  empty(): empty
TRACE hypro.hPolytope        HPolytope.tpp:206  empty(): Call to Optimizer.
TRACE hypro.hPolytope        HPolytope.tpp:214  empty(): Optimizer result: 0
TRACE hypro.hPolytope        HPolytope.tpp:738  intersectHalfspaces(): P' = P AND Ax <= b,  A: 
0 1 
0 -1 

b: 3
-3

TRACE hypro.hPolytope        HPolytope.tpp:190  empty(): empty
TRACE hypro.hPolytope        HPolytope.tpp:206  empty(): Call to Optimizer.
TRACE hypro.hPolytope        HPolytope.tpp:214  empty(): Optimizer result: 1
TRACE hypro.hPolytope        HPolytope.tpp:584  satisfiesHalfspaces(): (P AND Ax <= b) == emptyset?, A: 0 1 
0 -1 
b: 3
-3

TRACE hypro.hPolytope        HPolytope.tpp:190  empty(): empty
TRACE hypro.hPolytope        HPolytope.tpp:206  empty(): Call to Optimizer.
TRACE hypro.hPolytope        HPolytope.tpp:214  empty(): Optimizer result: 0
TRACE hypro.hPolytope        HPolytope.tpp:738  intersectHalfspaces(): P' = P AND Ax <= b,  A: 
0 1 
0 -1 

b: 3
-3

TRACE hypro.hPolytope        HPolytope.tpp:190  empty(): empty
TRACE hypro.hPolytope        HPolytope.tpp:206  empty(): Call to Optimizer.
TRACE hypro.hPolytope        HPolytope.tpp:214  empty(): Optimizer result: 1
TRACE hypro.hPolytope        HPolytope.tpp:584  satisfiesHalfspaces(): (P AND Ax <= b) == emptyset?, A: 0 1 
0 -1 
b: 3
-3

TRACE hypro.hPolytope        HPolytope.tpp:190  empty(): empty
TRACE hypro.hPolytope        HPolytope.tpp:206  empty(): Call to Optimizer.
TRACE hypro.hPolytope        HPolytope.tpp:214  empty(): Optimizer result: 0
TRACE hypro.hPolytope        HPolytope.tpp:738  intersectHalfspaces(): P' = P AND Ax <= b,  A: 
0 1 
0 -1 

b: 3
-3

TRACE hypro.hPolytope        HPolytope.tpp:190  empty(): empty
TRACE hypro.hPolytope        HPolytope.tpp:206  empty(): Call to Optimizer.
TRACE hypro.hPolytope        HPolytope.tpp:214  empty(): Optimizer result: 0
TRACE hypro.hPolytope        HPolytope.tpp:584  satisfiesHalfspaces(): (P AND Ax <= b) == emptyset?, A: 0 1 
0 -1 
b: 6
-6

TRACE hypro.hPolytope        HPolytope.tpp:190  empty(): empty
TRACE hypro.hPolytope        HPolytope.tpp:206  empty(): Call to Optimizer.
TRACE hypro.hPolytope        HPolytope.tpp:214  empty(): Optimizer result: 0
TRACE hypro.hPolytope        HPolytope.tpp:738  intersectHalfspaces(): P' = P AND Ax <= b,  A: 
0 1 
0 -1 

b: 6
-6

TRACE hypro.hPolytope        HPolytope.tpp:190  empty(): empty
TRACE hypro.hPolytope        HPolytope.tpp:206  empty(): Call to Optimizer.
TRACE hypro.hPolytope        HPolytope.tpp:214  empty(): Optimizer result: 1
TRACE hypro.hPolytope        HPolytope.tpp:584  satisfiesHalfspaces(): (P AND Ax <= b) == emptyset?, A: 0 1 
0 -1 
b: 6
-6

TRACE hypro.hPolytope        HPolytope.tpp:190  empty(): empty
TRACE hypro.hPolytope        HPolytope.tpp:206  empty(): Call to Optimizer.
TRACE hypro.hPolytope        HPolytope.tpp:214  empty(): Optimizer result: 0
TRACE hypro.hPolytope        HPolytope.tpp:738  intersectHalfspaces(): P' = P AND Ax <= b,  A: 
0 1 
0 -1 

b: 6
-6

TRACE hypro.hPolytope        HPolytope.tpp:190  empty(): empty
TRACE hypro.hPolytope        HPolytope.tpp:206  empty(): Call to Optimizer.
TRACE hypro.hPolytope        HPolytope.tpp:214  empty(): Optimizer result: 0
TRACE hypro.hPolytope        HPolytope.tpp:584  satisfiesHalfspaces(): (P AND Ax <= b) == emptyset?, A: 0 1 
0 -1 
b: 6
-6

TRACE hypro.hPolytope        HPolytope.tpp:190  empty(): empty
TRACE hypro.hPolytope        HPolytope.tpp:206  empty(): Call to Optimizer.
TRACE hypro.hPolytope        HPolytope.tpp:214  empty(): Optimizer result: 0
TRACE hypro.hPolytope        HPolytope.tpp:738  intersectHalfspaces(): P' = P AND Ax <= b,  A: 
0 1 
0 -1 

b: 6
-6

TRACE hypro.hPolytope        HPolytope.tpp:190  empty(): empty
TRACE hypro.hPolytope        HPolytope.tpp:206  empty(): Call to Optimizer.
TRACE hypro.hPolytope        HPolytope.tpp:214  empty(): Optimizer result: 0
TRACE hypro.hPolytope        HPolytope.tpp:584  satisfiesHalfspaces(): (P AND Ax <= b) == emptyset?, A: 0 1 
0 -1 
b: 6
-6

TRACE hypro.hPolytope        HPolytope.tpp:190  empty(): empty
TRACE hypro.hPolytope        HPolytope.tpp:206  empty(): Call to Optimizer.
TRACE hypro.hPolytope        HPolytope.tpp:214  empty(): Optimizer result: 0
TRACE hypro.hPolytope        HPolytope.tpp:738  intersectHalfspaces(): P' = P AND Ax <= b,  A: 
0 1 
0 -1 

b: 6
-6

TRACE hypro.hPolytope        HPolytope.tpp:190  empty(): empty
TRACE hypro.hPolytope        HPolytope.tpp:206  empty(): Call to Optimizer.
TRACE hypro.hPolytope        HPolytope.tpp:214  empty(): Optimizer result: 1
TRACE hypro.hPolytope        HPolytope.tpp:584  satisfiesHalfspaces(): (P AND Ax <= b) == emptyset?, A: 0 1 
0 -1 
b: 6
-6

TRACE hypro.hPolytope        HPolytope.tpp:190  empty(): empty
TRACE hypro.hPolytope        HPolytope.tpp:206  empty(): Call to Optimizer.
TRACE hypro.hPolytope        HPolytope.tpp:214  empty(): Optimizer result: 0
TRACE hypro.hPolytope        HPolytope.tpp:738  intersectHalfspaces(): P' = P AND Ax <= b,  A: 
0 1 
0 -1 

b: 6
-6

TRACE hypro.hPolytope        HPolytope.tpp:190  empty(): empty
TRACE hypro.hPolytope        HPolytope.tpp:206  empty(): Call to Optimizer.
TRACE hypro.hPolytope        HPolytope.tpp:214  empty(): Optimizer result: 1
TRACE hypro.hPolytope        HPolytope.tpp:584  satisfiesHalfspaces(): (P AND Ax <= b) == emptyset?, A: 0 1 
0 -1 
b: 6
-6

TRACE hypro.hPolytope        HPolytope.tpp:190  empty(): empty
TRACE hypro.hPolytope        HPolytope.tpp:206  empty(): Call to Optimizer.
TRACE hypro.hPolytope        HPolytope.tpp:214  empty(): Optimizer result: 0
TRACE hypro.hPolytope        HPolytope.tpp:738  intersectHalfspaces(): P' = P AND Ax <= b,  A: 
0 1 
0 -1 

b: 6
-6

TRACE hypro.hPolytope        HPolytope.tpp:190  empty(): empty
TRACE hypro.hPolytope        HPolytope.tpp:206  empty(): Call to Optimizer.
TRACE hypro.hPolytope        HPolytope.tpp:214  empty(): Optimizer result: 1
TRACE hypro.hPolytope        HPolytope.tpp:584  satisfiesHalfspaces(): (P AND Ax <= b) == emptyset?, A: 0 1 
0 -1 
b: 6
-6

TRACE hypro.hPolytope        HPolytope.tpp:190  empty(): empty
TRACE hypro.hPolytope        HPolytope.tpp:206  empty(): Call to Optimizer.
TRACE hypro.hPolytope        HPolytope.tpp:214  empty(): Optimizer result: 0
TRACE hypro.hPolytope        HPolytope.tpp:738  intersectHalfspaces(): P' = P AND Ax <= b,  A: 
0 1 
0 -1 

b: 6
-6

TRACE hypro.hPolytope        HPolytope.tpp:190  empty(): empty
TRACE hypro.hPolytope        HPolytope.tpp:206  empty(): Call to Optimizer.
TRACE hypro.hPolytope        HPolytope.tpp:214  empty(): Optimizer result: 1
TRACE hypro.hPolytope        HPolytope.tpp:584  satisfiesHalfspaces(): (P AND Ax <= b) == emptyset?, A: 0 1 
0 -1 
b: 6
-6

TRACE hypro.hPolytope        HPolytope.tpp:190  empty(): empty
TRACE hypro.hPolytope        HPolytope.tpp:206  empty(): Call to Optimizer.
TRACE hypro.hPolytope        HPolytope.tpp:214  empty(): Optimizer result: 0
TRACE hypro.hPolytope        HPolytope.tpp:738  intersectHalfspaces(): P' = P AND Ax <= b,  A: 
0 1 
0 -1 

b: 6
-6

TRACE hypro.hPolytope        HPolytope.tpp:190  empty(): empty
TRACE hypro.hPolytope        HPolytope.tpp:206  empty(): Call to Optimizer.
TRACE hypro.hPolytope        HPolytope.tpp:214  empty(): Optimizer result: 0
TRACE hypro.hPolytope        HPolytope.tpp:584  satisfiesHalfspaces(): (P AND Ax <= b) == emptyset?, A: 0 1 
0 -1 
b: 6
-6

TRACE hypro.hPolytope        HPolytope.tpp:190  empty(): empty
TRACE hypro.hPolytope        HPolytope.tpp:206  empty(): Call to Optimizer.
TRACE hypro.hPolytope        HPolytope.tpp:214  empty(): Optimizer result: 0
TRACE hypro.hPolytope        HPolytope.tpp:738  intersectHalfspaces(): P' = P AND Ax <= b,  A: 
0 1 
0 -1 

b: 6
-6

TRACE hypro.hPolytope        HPolytope.tpp:190  empty(): empty
TRACE hypro.hPolytope        HPolytope.tpp:206  empty(): Call to Optimizer.
TRACE hypro.hPolytope        HPolytope.tpp:214  empty(): Optimizer result: 0
TRACE hypro.hPolytope        HPolytope.tpp:584  satisfiesHalfspaces(): (P AND Ax <= b) == emptyset?, A: 0 1 
0 -1 
b: 6
-6

TRACE hypro.hPolytope        HPolytope.tpp:190  empty(): empty
TRACE hypro.hPolytope        HPolytope.tpp:206  empty(): Call to Optimizer.
TRACE hypro.hPolytope        HPolytope.tpp:214  empty(): Optimizer result: 0
TRACE hypro.hPolytope        HPolytope.tpp:738  intersectHalfspaces(): P' = P AND Ax <= b,  A: 
0 1 
0 -1 

b: 6
-6

TRACE hypro.hPolytope        HPolytope.tpp:190  empty(): empty
TRACE hypro.hPolytope        HPolytope.tpp:206  empty(): Call to Optimizer.
TRACE hypro.hPolytope        HPolytope.tpp:214  empty(): Optimizer result: 0
TRACE hypro.hPolytope        HPolytope.tpp:584  satisfiesHalfspaces(): (P AND Ax <= b) == emptyset?, A: 0 1 
0 -1 
b: 6
-6

TRACE hypro.hPolytope        HPolytope.tpp:190  empty(): empty
TRACE hypro.hPolytope        HPolytope.tpp:206  empty(): Call to Optimizer.
TRACE hypro.hPolytope        HPolytope.tpp:214  empty(): Optimizer result: 0
TRACE hypro.hPolytope        HPolytope.tpp:738  intersectHalfspaces(): P' = P AND Ax <= b,  A: 
0 1 
0 -1 

b: 6
-6

TRACE hypro.hPolytope        HPolytope.tpp:190  empty(): empty
TRACE hypro.hPolytope        HPolytope.tpp:206  empty(): Call to Optimizer.
TRACE hypro.hPolytope        HPolytope.tpp:214  empty(): Optimizer result: 0
TRACE hypro.hPolytope        HPolytope.tpp:584  satisfiesHalfspaces(): (P AND Ax <= b) == emptyset?, A: 0 1 
0 -1 
b: 6
-6

TRACE hypro.hPolytope        HPolytope.tpp:190  empty(): empty
TRACE hypro.hPolytope        HPolytope.tpp:206  empty(): Call to Optimizer.
TRACE hypro.hPolytope        HPolytope.tpp:214  empty(): Optimizer result: 0
TRACE hypro.hPolytope        HPolytope.tpp:738  intersectHalfspaces(): P' = P AND Ax <= b,  A: 
0 1 
0 -1 

b: 6
-6

TRACE hypro.hPolytope        HPolytope.tpp:190  empty(): empty
TRACE hypro.hPolytope        HPolytope.tpp:206  empty(): Call to Optimizer.
TRACE hypro.hPolytope        HPolytope.tpp:214  empty(): Optimizer result: 0
TRACE hypro.hPolytope        HPolytope.tpp:190  empty(): empty
TRACE hypro.hPolytope        HPolytope.tpp:206  empty(): Call to Optimizer.
TRACE hypro.hPolytope        HPolytope.tpp:214  empty(): Optimizer result: 0
TRACE hypro.hPolytope        HPolytope.tpp:190  empty(): empty
TRACE hypro.hPolytope        HPolytope.tpp:196  empty(): Already set to false.
TRACE hypro.hPolytope        HPolytope.tpp:584  satisfiesHalfspaces(): (P AND Ax <= b) == emptyset?, A: 0 1 
0 -1 
b: 3
-3

TRACE hypro.hPolytope        HPolytope.tpp:190  empty(): empty
TRACE hypro.hPolytope        HPolytope.tpp:206  empty(): Call to Optimizer.
TRACE hypro.hPolytope        HPolytope.tpp:214  empty(): Optimizer result: 0
TRACE hypro.hPolytope        HPolytope.tpp:738  intersectHalfspaces(): P' = P AND Ax <= b,  A: 
0 1 
0 -1 

b: 3
-3

TRACE hypro.hPolytope        HPolytope.tpp:190  empty(): empty
TRACE hypro.hPolytope        HPolytope.tpp:206  empty(): Call to Optimizer.
TRACE hypro.hPolytope        HPolytope.tpp:214  empty(): Optimizer result: 0
TRACE hypro.hPolytope        HPolytope.tpp:584  satisfiesHalfspaces(): (P AND Ax <= b) == emptyset?, A: 0 1 
0 -1 
b: 3
-3

TRACE hypro.hPolytope        HPolytope.tpp:190  empty(): empty
TRACE hypro.hPolytope        HPolytope.tpp:206  empty(): Call to Optimizer.
TRACE hypro.hPolytope        HPolytope.tpp:214  empty(): Optimizer result: 0
TRACE hypro.hPolytope        HPolytope.tpp:738  intersectHalfspaces(): P' = P AND Ax <= b,  A: 
0 1 
0 -1 

b: 3
-3

TRACE hypro.hPolytope        HPolytope.tpp:190  empty(): empty
TRACE hypro.hPolytope        HPolytope.tpp:206  empty(): Call to Optimizer.
TRACE hypro.hPolytope        HPolytope.tpp:214  empty(): Optimizer result: 1
TRACE hypro.hPolytope        HPolytope.tpp:584  satisfiesHalfspaces(): (P AND Ax <= b) == emptyset?, A: 0 1 
0 -1 
b: 3
-3

TRACE hypro.hPolytope        HPolytope.tpp:190  empty(): empty
TRACE hypro.hPolytope        HPolytope.tpp:206  empty(): Call to Optimizer.
TRACE hypro.hPolytope        HPolytope.tpp:214  empty(): Optimizer result: 0
TRACE hypro.hPolytope        HPolytope.tpp:738  intersectHalfspaces(): P' = P AND Ax <= b,  A: 
0 1 
0 -1 

b: 3
-3

TRACE hypro.hPolytope        HPolytope.tpp:190  empty(): empty
TRACE hypro.hPolytope        HPolytope.tpp:206  empty(): Call to Optimizer.
TRACE hypro.hPolytope        HPolytope.tpp:214  empty(): Optimizer result: 1
TRACE hypro.hPolytope        HPolytope.tpp:584  satisfiesHalfspaces(): (P AND Ax <= b) == emptyset?, A: 0 1 
0 -1 
b: 3
-3

TRACE hypro.hPolytope        HPolytope.tpp:190  empty(): empty
TRACE hypro.hPolytope        HPolytope.tpp:206  empty(): Call to Optimizer.
TRACE hypro.hPolytope        HPolytope.tpp:214  empty(): Optimizer result: 0
TRACE hypro.hPolytope        HPolytope.tpp:738  intersectHalfspaces(): P' = P AND Ax <= b,  A: 
0 1 
0 -1 

b: 3
-3

TRACE hypro.hPolytope        HPolytope.tpp:190  empty(): empty
TRACE hypro.hPolytope        HPolytope.tpp:206  empty(): Call to Optimizer.
TRACE hypro.hPolytope        HPolytope.tpp:214  empty(): Optimizer result: 1
TRACE hypro.hPolytope        HPolytope.tpp:584  satisfiesHalfspaces(): (P AND Ax <= b) == emptyset?, A: 0 1 
0 -1 
b: 3
-3

TRACE hypro.hPolytope        HPolytope.tpp:190  empty(): empty
TRACE hypro.hPolytope        HPolytope.tpp:206  empty(): Call to Optimizer.
TRACE hypro.hPolytope        HPolytope.tpp:214  empty(): Optimizer result: 0
TRACE hypro.hPolytope        HPolytope.tpp:738  intersectHalfspaces(): P' = P AND Ax <= b,  A: 
0 1 
0 -1 

b: 3
-3

TRACE hypro.hPolytope        HPolytope.tpp:190  empty(): empty
TRACE hypro.hPolytope        HPolytope.tpp:206  empty(): Call to Optimizer.
TRACE hypro.hPolytope        HPolytope.tpp:214  empty(): Optimizer result: 1
TRACE hypro.hPolytope        HPolytope.tpp:584  satisfiesHalfspaces(): (P AND Ax <= b) == emptyset?, A: 0 1 
0 -1 
b: 3
-3

TRACE hypro.hPolytope        HPolytope.tpp:190  empty(): empty
TRACE hypro.hPolytope        HPolytope.tpp:206  empty(): Call to Optimizer.
TRACE hypro.hPolytope        HPolytope.tpp:214  empty(): Optimizer result: 0
TRACE hypro.hPolytope        HPolytope.tpp:738  intersectHalfspaces(): P' = P AND Ax <= b,  A: 
0 1 
0 -1 

b: 3
-3

TRACE hypro.hPolytope        HPolytope.tpp:190  empty(): empty
TRACE hypro.hPolytope        HPolytope.tpp:206  empty(): Call to Optimizer.
TRACE hypro.hPolytope        HPolytope.tpp:214  empty(): Optimizer result: 0
TRACE hypro.hPolytope        HPolytope.tpp:584  satisfiesHalfspaces(): (P AND Ax <= b) == emptyset?, A: 0 1 
0 -1 
b: 3
-3

TRACE hypro.hPolytope        HPolytope.tpp:190  empty(): empty
TRACE hypro.hPolytope        HPolytope.tpp:206  empty(): Call to Optimizer.
TRACE hypro.hPolytope        HPolytope.tpp:214  empty(): Optimizer result: 0
TRACE hypro.hPolytope        HPolytope.tpp:738  intersectHalfspaces(): P' = P AND Ax <= b,  A: 
0 1 
0 -1 

b: 3
-3

TRACE hypro.hPolytope        HPolytope.tpp:190  empty(): empty
TRACE hypro.hPolytope        HPolytope.tpp:206  empty(): Call to Optimizer.
TRACE hypro.hPolytope        HPolytope.tpp:214  empty(): Optimizer result: 0
TRACE hypro.hPolytope        HPolytope.tpp:584  satisfiesHalfspaces(): (P AND Ax <= b) == emptyset?, A: 0 1 
0 -1 
b: 3
-3

TRACE hypro.hPolytope        HPolytope.tpp:190  empty(): empty
TRACE hypro.hPolytope        HPolytope.tpp:206  empty(): Call to Optimizer.
TRACE hypro.hPolytope        HPolytope.tpp:214  empty(): Optimizer result: 0
TRACE hypro.hPolytope        HPolytope.tpp:738  intersectHalfspaces(): P' = P AND Ax <= b,  A: 
0 1 
0 -1 

b: 3
-3

TRACE hypro.hPolytope        HPolytope.tpp:190  empty(): empty
TRACE hypro.hPolytope        HPolytope.tpp:206  empty(): Call to Optimizer.
TRACE hypro.hPolytope        HPolytope.tpp:214  empty(): Optimizer result: 1
TRACE hypro.hPolytope        HPolytope.tpp:584  satisfiesHalfspaces(): (P AND Ax <= b) == emptyset?, A: 0 1 
0 -1 
b: 3
-3

TRACE hypro.hPolytope        HPolytope.tpp:190  empty(): empty
TRACE hypro.hPolytope        HPolytope.tpp:206  empty(): Call to Optimizer.
TRACE hypro.hPolytope        HPolytope.tpp:214  empty(): Optimizer result: 0
TRACE hypro.hPolytope        HPolytope.tpp:738  intersectHalfspaces(): P' = P AND Ax <= b,  A: 
0 1 
0 -1 

b: 3
-3

TRACE hypro.hPolytope        HPolytope.tpp:190  empty(): empty
TRACE hypro.hPolytope        HPolytope.tpp:206  empty(): Call to Optimizer.
TRACE hypro.hPolytope        HPolytope.tpp:214  empty(): Optimizer result: 1
TRACE hypro.hPolytope        HPolytope.tpp:190  empty(): empty
TRACE hypro.hPolytope        HPolytope.tpp:206  empty(): Call to Optimizer.
TRACE hypro.hPolytope        HPolytope.tpp:214  empty(): Optimizer result: 0
TRACE hypro.hPolytope        HPolytope.tpp:312  vertices(): Computed Vertex: -0 -0
TRACE hypro.hPolytope        HPolytope.tpp:340  vertices(): Final vertex: -0 -0
TRACE hypro.hPolytope        HPolytope.tpp:312  vertices(): Computed Vertex: -0 10
TRACE hypro.hPolytope        HPolytope.tpp:328  vertices(): Drop vertex: -0 10 because of plane 5
TRACE hypro.hPolytope        HPolytope.tpp:312  vertices(): Computed Vertex: -0 -0
TRACE hypro.hPolytope        HPolytope.tpp:340  vertices(): Final vertex: -0 -0
TRACE hypro.hPolytope        HPolytope.tpp:312  vertices(): Computed Vertex: -0 -0
TRACE hypro.hPolytope        HPolytope.tpp:340  vertices(): Final vertex: -0 -0
TRACE hypro.hPolytope        HPolytope.tpp:312  vertices(): Computed Vertex: -0  5
TRACE hypro.hPolytope        HPolytope.tpp:328  vertices(): Drop vertex: -0  5 because of plane 5
TRACE hypro.hPolytope        HPolytope.tpp:312  vertices(): Computed Vertex: 10 -0
TRACE hypro.hPolytope        HPolytope.tpp:328  vertices(): Drop vertex: 10 -0 because of plane 4
TRACE hypro.hPolytope        HPolytope.tpp:312  vertices(): Computed Vertex: 10 10
TRACE hypro.hPolytope        HPolytope.tpp:328  vertices(): Drop vertex: 10 10 because of plane 6
TRACE hypro.hPolytope        HPolytope.tpp:312  vertices(): Computed Vertex: 10 10
TRACE hypro.hPolytope        HPolytope.tpp:328  vertices(): Drop vertex: 10 10 because of plane 6
TRACE hypro.hPolytope        HPolytope.tpp:312  vertices(): Computed Vertex: 10 20
TRACE hypro.hPolytope        HPolytope.tpp:328  vertices(): Drop vertex: 10 20 because of plane 3
TRACE hypro.hPolytope        HPolytope.tpp:312  vertices(): Computed Vertex: 10  5
TRACE hypro.hPolytope        HPolytope.tpp:328  vertices(): Drop vertex: 10  5 because of plane 4
TRACE hypro.hPolytope        HPolytope.tpp:312  vertices(): Computed Vertex: -0 -0
TRACE hypro.hPolytope        HPolytope.tpp:340  vertices(): Final vertex: -0 -0
TRACE hypro.hPolytope        HPolytope.tpp:312  vertices(): Computed Vertex: -0 -0
TRACE hypro.hPolytope        HPolytope.tpp:340  vertices(): Final vertex: -0 -0
TRACE hypro.hPolytope        HPolytope.tpp:312  vertices(): Computed Vertex:  4 -0
TRACE hypro.hPolytope        HPolytope.tpp:328  vertices(): Drop vertex:  4 -0 because of plane 4
TRACE hypro.hPolytope        HPolytope.tpp:312  vertices(): Computed Vertex: 10 10
TRACE hypro.hPolytope        HPolytope.tpp:328  vertices(): Drop vertex: 10 10 because of plane 6
TRACE hypro.hPolytope        HPolytope.tpp:312  vertices(): Computed Vertex:  5 10
TRACE hypro.hPolytope        HPolytope.tpp:328  vertices(): Drop vertex:  5 10 because of plane 6
TRACE hypro.hPolytope        HPolytope.tpp:312  vertices(): Computed Vertex:  4 10
TRACE hypro.hPolytope        HPolytope.tpp:328  vertices(): Drop vertex:  4 10 because of plane 5
TRACE hypro.hPolytope        HPolytope.tpp:312  vertices(): Computed Vertex: -0 -0
TRACE hypro.hPolytope        HPolytope.tpp:340  vertices(): Final vertex: -0 -0
TRACE hypro.hPolytope        HPolytope.tpp:312  vertices(): Computed Vertex: 5 5
TRACE hypro.hPolytope        HPolytope.tpp:328  vertices(): Drop vertex: 5 5 because of plane 7
TRACE hypro.hPolytope        HPolytope.tpp:312  vertices(): Computed Vertex: 4 4
TRACE hypro.hPolytope        HPolytope.tpp:340  vertices(): Final vertex: 4 4
TRACE hypro.hPolytope        HPolytope.tpp:312  vertices(): Computed Vertex: 2.5   5
TRACE hypro.hPolytope        HPolytope.tpp:340  vertices(): Final vertex: 2.5   5
TRACE hypro.hPolytope        HPolytope.tpp:312  vertices(): Computed Vertex: 4 8
TRACE hypro.hPolytope        HPolytope.tpp:328  vertices(): Drop vertex: 4 8 because of plane 6
TRACE hypro.hPolytope        HPolytope.tpp:312  vertices(): Computed Vertex: 4 5
TRACE hypro.hPolytope        HPolytope.tpp:340  vertices(): Final vertex: 4 5
TRACE hypro.hPolytope        HPolytope.tpp:584  satisfiesHalfspaces(): (P AND Ax <= b) == emptyset?, A: 0 1 
0 -1 
b: 3
-3

TRACE hypro.hPolytope        HPolytope.tpp:190  empty(): empty
TRACE hypro.hPolytope        HPolytope.tpp:196  empty(): Already set to false.
TRACE hypro.hPolytope        HPolytope.tpp:738  intersectHalfspaces(): P' = P AND Ax <= b,  A: 
0 1 
0 -1 

b: 3
-3

TRACE hypro.hPolytope        HPolytope.tpp:190  empty(): empty
TRACE hypro.hPolytope        HPolytope.tpp:206  empty(): Call to Optimizer.
TRACE hypro.hPolytope        HPolytope.tpp:214  empty(): Optimizer result: 0
TRACE hypro.hPolytope        HPolytope.tpp:584  satisfiesHalfspaces(): (P AND Ax <= b) == emptyset?, A: 0 1 
0 -1 
b: 3
-3

TRACE hypro.hPolytope        HPolytope.tpp:190  empty(): empty
TRACE hypro.hPolytope        HPolytope.tpp:196  empty(): Already set to false.
TRACE hypro.hPolytope        HPolytope.tpp:738  intersectHalfspaces(): P' = P AND Ax <= b,  A: 
0 1 
0 -1 

b: 3
-3

TRACE hypro.hPolytope        HPolytope.tpp:190  empty(): empty
TRACE hypro.hPolytope        HPolytope.tpp:206  empty(): Call to Optimizer.
TRACE hypro.hPolytope        HPolytope.tpp:214  empty(): Optimizer result: 0
